C:\USERS\ROMAIN S\DOCUMENTS\WORKSPACE\WORKSPACE_IA\TP2IA\BUCKLAND_CHAPTER3-STEERING BEHAVIORS\DEBUG\PATH.SBR
C:\USERS\ROMAIN S\DOCUMENTS\WORKSPACE\WORKSPACE_IA\TP2IA\BUCKLAND_CHAPTER3-STEERING BEHAVIORS\DEBUG\PARAMLOADER.SBR
C:\USERS\ROMAIN S\DOCUMENTS\WORKSPACE\WORKSPACE_IA\TP2IA\BUCKLAND_CHAPTER3-STEERING BEHAVIORS\DEBUG\OBSTACLE.SBR
C:\USERS\ROMAIN S\DOCUMENTS\WORKSPACE\WORKSPACE_IA\TP2IA\BUCKLAND_CHAPTER3-STEERING BEHAVIORS\DEBUG\VEHICLE.SBR
C:\USERS\ROMAIN S\DOCUMENTS\WORKSPACE\WORKSPACE_IA\TP2IA\BUCKLAND_CHAPTER3-STEERING BEHAVIORS\DEBUG\STEERINGBEHAVIORS.SBR
C:\USERS\ROMAIN S\DOCUMENTS\WORKSPACE\WORKSPACE_IA\TP2IA\BUCKLAND_CHAPTER3-STEERING BEHAVIORS\DEBUG\MAIN.SBR
C:\USERS\ROMAIN S\DOCUMENTS\WORKSPACE\WORKSPACE_IA\TP2IA\BUCKLAND_CHAPTER3-STEERING BEHAVIORS\DEBUG\GAMEWORLD.SBR
C:\USERS\ROMAIN S\DOCUMENTS\WORKSPACE\WORKSPACE_IA\TP2IA\BUCKLAND_CHAPTER3-STEERING BEHAVIORS\DEBUG\GAMEWORLD.OBJ
C:\USERS\ROMAIN S\DOCUMENTS\WORKSPACE\WORKSPACE_IA\TP2IA\BUCKLAND_CHAPTER3-STEERING BEHAVIORS\DEBUG\MAIN.OBJ
C:\USERS\ROMAIN S\DOCUMENTS\WORKSPACE\WORKSPACE_IA\TP2IA\BUCKLAND_CHAPTER3-STEERING BEHAVIORS\DEBUG\STEERINGBEHAVIORS.OBJ
C:\USERS\ROMAIN S\DOCUMENTS\WORKSPACE\WORKSPACE_IA\TP2IA\BUCKLAND_CHAPTER3-STEERING BEHAVIORS\DEBUG\VEHICLE.OBJ
C:\USERS\ROMAIN S\DOCUMENTS\WORKSPACE\WORKSPACE_IA\TP2IA\BUCKLAND_CHAPTER3-STEERING BEHAVIORS\DEBUG\OBSTACLE.OBJ
C:\USERS\ROMAIN S\DOCUMENTS\WORKSPACE\WORKSPACE_IA\TP2IA\BUCKLAND_CHAPTER3-STEERING BEHAVIORS\DEBUG\PARAMLOADER.OBJ
C:\USERS\ROMAIN S\DOCUMENTS\WORKSPACE\WORKSPACE_IA\TP2IA\BUCKLAND_CHAPTER3-STEERING BEHAVIORS\DEBUG\PATH.OBJ
C:\USERS\ROMAIN S\DOCUMENTS\WORKSPACE\WORKSPACE_IA\TP2IA\BUCKLAND_CHAPTER3-STEERING BEHAVIORS\DEBUG\VC110.PDB
C:\Users\Romain S\Documents\Workspace\workspace_ia\tp2ia\Buckland_Chapter3-Steering Behaviors\Debug\GameWorld.obj
C:\Users\Romain S\Documents\Workspace\workspace_ia\tp2ia\Buckland_Chapter3-Steering Behaviors\Debug\main.obj
C:\Users\Romain S\Documents\Workspace\workspace_ia\tp2ia\Buckland_Chapter3-Steering Behaviors\Debug\Obstacle.obj
C:\Users\Romain S\Documents\Workspace\workspace_ia\tp2ia\Buckland_Chapter3-Steering Behaviors\Debug\ParamLoader.obj
C:\Users\Romain S\Documents\Workspace\workspace_ia\tp2ia\Buckland_Chapter3-Steering Behaviors\Debug\Path.obj
C:\Users\Romain S\Documents\Workspace\workspace_ia\tp2ia\Buckland_Chapter3-Steering Behaviors\Debug\SteeringBehaviors.obj
C:\Users\Romain S\Documents\Workspace\workspace_ia\tp2ia\Buckland_Chapter3-Steering Behaviors\Debug\Vehicle.obj
C:\Users\Romain S\Documents\Workspace\workspace_ia\tp2ia\Buckland_Chapter3-Steering Behaviors\Debug\cl.command.1.tlog
C:\Users\Romain S\Documents\Workspace\workspace_ia\tp2ia\Buckland_Chapter3-Steering Behaviors\Debug\CL.read.1.tlog
C:\Users\Romain S\Documents\Workspace\workspace_ia\tp2ia\Buckland_Chapter3-Steering Behaviors\Debug\CL.write.1.tlog
C:\Users\Romain S\Documents\Workspace\workspace_ia\tp2ia\Buckland_Chapter3-Steering Behaviors\Debug\vc110.idb
C:\Users\Romain S\Documents\Workspace\workspace_ia\tp2ia\Buckland_Chapter3-Steering Behaviors\Debug\vc110.pdb
C:\Users\Romain S\Documents\Workspace\workspace_ia\tp2ia\Buckland_Chapter3-Steering Behaviors\Debug\GameWorld.sbr
C:\Users\Romain S\Documents\Workspace\workspace_ia\tp2ia\Buckland_Chapter3-Steering Behaviors\Debug\main.sbr
C:\Users\Romain S\Documents\Workspace\workspace_ia\tp2ia\Buckland_Chapter3-Steering Behaviors\Debug\Obstacle.sbr
C:\Users\Romain S\Documents\Workspace\workspace_ia\tp2ia\Buckland_Chapter3-Steering Behaviors\Debug\ParamLoader.sbr
C:\Users\Romain S\Documents\Workspace\workspace_ia\tp2ia\Buckland_Chapter3-Steering Behaviors\Debug\Path.sbr
C:\Users\Romain S\Documents\Workspace\workspace_ia\tp2ia\Buckland_Chapter3-Steering Behaviors\Debug\SteeringBehaviors.sbr
C:\Users\Romain S\Documents\Workspace\workspace_ia\tp2ia\Buckland_Chapter3-Steering Behaviors\Debug\Vehicle.sbr
